The HCMV genome (EF999921) has 168 CDS.
target_id	test_stat	pval	qval
1	EF999921.1_106	14.8058411981326	0.000119165822532828	0.011709655095944
2	EF999921.1_124	14.4989808613046	0.000140235390370586	0.011709655095944
3	EF999921.1_62	13.0094855846134	0.000309917067310463	0.0154298299168197
4	EF999921.1_154	12.6800546681837	0.000369576764474723	0.0154298299168197
5	EF999921.1_128	11.81327694756	0.000588098324890907	0.0172288429393279
6	EF999921.1_153	11.4693832218598	0.000707521580636369	0.0172288429393279
7	EF999921.1_148	11.4313111444213	0.000722167069313145	0.0172288429393279
8	EF999921.1_151	11.1497507934697	0.000840429625634109	0.017543968435112
9	EF999921.1_63	10.4406449553709	0.0012327221795746	0.0228738448876621
10	EF999921.1_97	10.0085965786691	0.001558112098481	0.0260204720446328
11	EF999921.1_21	8.64357524364804	0.00328216706663311	0.0440894851157905
12	EF999921.1_98	8.5711514555594	0.0034153109543182	0.0440894851157905
13	EF999921.1_8	8.40172377108085	0.00374865375680821	0.0440894851157905
14	EF999921.1_109	8.35147589284853	0.00385374172732644	0.0440894851157905
15	EF999921.1_137	8.30200502085967	0.00396013339363388	0.0440894851157905
16	EF999921.1_9	7.96945406908004	0.00475732844864216	0.0496546156827026
Donor 1 (2dpi) had 2259287.0 read pairs before Bowtie2 filtering and 1744101.0 read pairs after.
Donor 2 (6dpi) had 2004530.0 read pairs before Bowtie2 filtering and 1488833.0 read pairs after.
Donor 3 (2dpi) had 2730258.0 read pairs before Bowtie2 filtering and 2382996.0 read pairs after.
Donor 4 (6dpi) had 2476889.0 read pairs before Bowtie2 filtering and 1500834.0 read pairs after.
spades -k 55,77,99,127 -t 2 --only-assembler --pe1-1 /homes/hwittich/COMP383_mini_project/miniProject_Henry_Wittich/bowtie/SRR5660030.1_mapped_1.fq --pe1-2 /homes/hwittich/COMP383_mini_project/miniProject_Henry_Wittich/bowtie/SRR5660030.1_mapped_2.fq --pe2-1 /homes/hwittich/COMP383_mini_project/miniProject_Henry_Wittich/bowtie/SRR5660033.1_mapped_1.fq --pe2-2 /homes/hwittich/COMP383_mini_project/miniProject_Henry_Wittich/bowtie/SRR5660033.1_mapped_2.fq --pe3-1 /homes/hwittich/COMP383_mini_project/miniProject_Henry_Wittich/bowtie/SRR5660044.1_mapped_1.fq --pe3-2 /homes/hwittich/COMP383_mini_project/miniProject_Henry_Wittich/bowtie/SRR5660044.1_mapped_2.fq --pe4-1 /homes/hwittich/COMP383_mini_project/miniProject_Henry_Wittich/bowtie/SRR5660045.1_mapped_1.fq --pe4-2 /homes/hwittich/COMP383_mini_project/miniProject_Henry_Wittich/bowtie/SRR5660045.1_mapped_2.fq -o /homes/hwittich/COMP383_mini_project/miniProject_Henry_Wittich/SPAdes/HCMV_assembly
There are 54 contigs > 1000 bp in the assembly.
There are 1798781 bp in the assembly.
sacc	pident	length	qstart	qend	sstart	send	bitscore	evalue	stitle
EF999921.1	100.000	15888	1	15888	171116	155229	29340	0.0	EF999921.1 Human herpesvirus 5 strain TB40/E clone TB40-BAC4	
JX512204.1	100.000	15888	1	15888	138487	122600	29340	0.0	JX512204.1 Human herpesvirus 5 strain HAN16	
MT070140.1	100.000	15888	1	15888	138846	122959	29340	0.0	MT070140.1 UNVERIFIED: Human betaherpesvirus 5 isolate P10	
KF297339.1	100.000	15888	1	15888	139075	123188	29340	0.0	KF297339.1 Human herpesvirus 5 strain TB40/E clone Lisa	
MT044484.1	99.987	15888	1	15888	138427	122540	29329	0.0	MT044484.1 Human betaherpesvirus 5 strain HAN-SOT4	
KX544839.1	99.962	15888	1	15888	171071	155187	29303	0.0	KX544839.1 Human herpesvirus 5 isolate TB40-E_UNC	
MT044481.1	99.899	15888	1	15888	138675	122788	29252	0.0	MT044481.1 Human betaherpesvirus 5 strain GLA-SOT2	
KP745712.1	99.654	15888	1	15888	138401	122517	29032	0.0	KP745712.1 Human herpesvirus 5 strain BE/19/2010	
KR534196.1	99.591	15888	1	15888	138406	122519	28980	0.0	KR534196.1 Human herpesvirus 5 strain JER847	
KP745652.1	99.585	15888	1	15888	138725	122841	28971	0.0	KP745652.1 Human herpesvirus 5 strain BE/2/2011	
